<?xml version="1.0" encoding="UTF-8"?>
<testsuite name="com.mikeux.testproject.TestProjectApplicationTests" tests="1" skipped="0" failures="0" errors="0" timestamp="2016-03-08T11:41:07" hostname="DEB-LT015" time="0.001">
  <properties/>
  <testcase name="contextLoads" classname="com.mikeux.testproject.TestProjectApplicationTests" time="0.001"/>
  <system-out><![CDATA[12:41:06.096 [Test worker] DEBUG o.s.t.c.j.SpringJUnit4ClassRunner - SpringJUnit4ClassRunner constructor called with [class com.mikeux.testproject.TestProjectApplicationTests]
12:41:06.100 [Test worker] DEBUG o.s.test.context.BootstrapUtils - Instantiating CacheAwareContextLoaderDelegate from class [org.springframework.test.context.cache.DefaultCacheAwareContextLoaderDelegate]
12:41:06.104 [Test worker] DEBUG o.s.test.context.BootstrapUtils - Instantiating BootstrapContext using constructor [public org.springframework.test.context.support.DefaultBootstrapContext(java.lang.Class,org.springframework.test.context.CacheAwareContextLoaderDelegate)]
12:41:06.111 [Test worker] DEBUG o.s.test.context.BootstrapUtils - Instantiating TestContextBootstrapper for test class [com.mikeux.testproject.TestProjectApplicationTests] from class [org.springframework.test.context.support.DefaultTestContextBootstrapper]
12:41:06.127 [Test worker] DEBUG o.s.t.c.s.DefaultTestContextBootstrapper - Found explicit ContextLoader class [org.springframework.boot.test.SpringApplicationContextLoader] for context configuration attributes [ContextConfigurationAttributes@5b53f4aa declaringClass = 'com.mikeux.testproject.TestProjectApplicationTests', classes = '{class com.mikeux.testproject.TestProjectApplication}', locations = '{}', inheritLocations = true, initializers = '{}', inheritInitializers = true, name = [null], contextLoaderClass = 'org.springframework.boot.test.SpringApplicationContextLoader']
12:41:06.133 [Test worker] DEBUG o.s.t.c.s.AbstractContextLoader - Did not detect default resource location for test class [com.mikeux.testproject.TestProjectApplicationTests]: class path resource [com/mikeux/testproject/TestProjectApplicationTests-context.xml] does not exist
12:41:06.133 [Test worker] DEBUG o.s.t.c.s.AbstractContextLoader - Did not detect default resource location for test class [com.mikeux.testproject.TestProjectApplicationTests]: class path resource [com/mikeux/testproject/TestProjectApplicationTestsContext.groovy] does not exist
12:41:06.133 [Test worker] INFO  o.s.t.c.s.AbstractContextLoader - Could not detect default resource locations for test class [com.mikeux.testproject.TestProjectApplicationTests]: no resource found for suffixes {-context.xml, Context.groovy}.
12:41:06.135 [Test worker] DEBUG o.s.t.c.support.ActiveProfilesUtils - Could not find an 'annotation declaring class' for annotation type [org.springframework.test.context.ActiveProfiles] and class [com.mikeux.testproject.TestProjectApplicationTests]
12:41:06.137 [Test worker] DEBUG o.s.t.c.s.DefaultTestContextBootstrapper - @TestExecutionListeners is not present for class [com.mikeux.testproject.TestProjectApplicationTests]: using defaults.
12:41:06.142 [Test worker] INFO  o.s.t.c.s.DefaultTestContextBootstrapper - Loaded default TestExecutionListener class names from location [META-INF/spring.factories]: [org.springframework.test.context.web.ServletTestExecutionListener, org.springframework.test.context.support.DirtiesContextBeforeModesTestExecutionListener, org.springframework.test.context.support.DependencyInjectionTestExecutionListener, org.springframework.test.context.support.DirtiesContextTestExecutionListener, org.springframework.test.context.transaction.TransactionalTestExecutionListener, org.springframework.test.context.jdbc.SqlScriptsTestExecutionListener]
12:41:06.145 [Test worker] INFO  o.s.t.c.s.DefaultTestContextBootstrapper - Could not instantiate TestExecutionListener [org.springframework.test.context.transaction.TransactionalTestExecutionListener]. Specify custom listener classes or make the default listener classes (and their required dependencies) available. Offending class: [org/springframework/transaction/interceptor/TransactionAttributeSource]
12:41:06.148 [Test worker] INFO  o.s.t.c.s.DefaultTestContextBootstrapper - Could not instantiate TestExecutionListener [org.springframework.test.context.jdbc.SqlScriptsTestExecutionListener]. Specify custom listener classes or make the default listener classes (and their required dependencies) available. Offending class: [org/springframework/transaction/interceptor/TransactionAttribute]
12:41:06.149 [Test worker] INFO  o.s.t.c.s.DefaultTestContextBootstrapper - Using TestExecutionListeners: [org.springframework.test.context.web.ServletTestExecutionListener@6aeebf70, org.springframework.test.context.support.DirtiesContextBeforeModesTestExecutionListener@41117f9d, org.springframework.test.context.support.DependencyInjectionTestExecutionListener@75f9642f, org.springframework.test.context.support.DirtiesContextTestExecutionListener@471f08f2]
12:41:06.151 [Test worker] DEBUG o.s.t.annotation.ProfileValueUtils - Retrieved @ProfileValueSourceConfiguration [null] for test class [com.mikeux.testproject.TestProjectApplicationTests]
12:41:06.152 [Test worker] DEBUG o.s.t.annotation.ProfileValueUtils - Retrieved ProfileValueSource type [class org.springframework.test.annotation.SystemProfileValueSource] for class [com.mikeux.testproject.TestProjectApplicationTests]
12:41:06.152 [Test worker] DEBUG o.s.t.annotation.ProfileValueUtils - Retrieved @ProfileValueSourceConfiguration [null] for test class [com.mikeux.testproject.TestProjectApplicationTests]
12:41:06.152 [Test worker] DEBUG o.s.t.annotation.ProfileValueUtils - Retrieved ProfileValueSource type [class org.springframework.test.annotation.SystemProfileValueSource] for class [com.mikeux.testproject.TestProjectApplicationTests]
12:41:06.154 [Test worker] DEBUG o.s.t.c.s.AbstractDirtiesContextTestExecutionListener - Before test class: context [DefaultTestContext@7c50e53a testClass = TestProjectApplicationTests, testInstance = [null], testMethod = [null], testException = [null], mergedContextConfiguration = [MergedContextConfiguration@c2a7c36 testClass = TestProjectApplicationTests, locations = '{}', classes = '{class com.mikeux.testproject.TestProjectApplication}', contextInitializerClasses = '[]', activeProfiles = '{}', propertySourceLocations = '{}', propertySourceProperties = '{}', contextLoader = 'org.springframework.boot.test.SpringApplicationContextLoader', parent = [null]]], class annotated with @DirtiesContext [false] with mode [null].
12:41:06.155 [Test worker] DEBUG o.s.t.annotation.ProfileValueUtils - Retrieved @ProfileValueSourceConfiguration [null] for test class [com.mikeux.testproject.TestProjectApplicationTests]
12:41:06.155 [Test worker] DEBUG o.s.t.annotation.ProfileValueUtils - Retrieved ProfileValueSource type [class org.springframework.test.annotation.SystemProfileValueSource] for class [com.mikeux.testproject.TestProjectApplicationTests]
12:41:06.156 [Test worker] DEBUG o.s.t.c.s.DependencyInjectionTestExecutionListener - Performing dependency injection for test context [[DefaultTestContext@7c50e53a testClass = TestProjectApplicationTests, testInstance = com.mikeux.testproject.TestProjectApplicationTests@33d7059c, testMethod = [null], testException = [null], mergedContextConfiguration = [MergedContextConfiguration@c2a7c36 testClass = TestProjectApplicationTests, locations = '{}', classes = '{class com.mikeux.testproject.TestProjectApplication}', contextInitializerClasses = '[]', activeProfiles = '{}', propertySourceLocations = '{}', propertySourceProperties = '{}', contextLoader = 'org.springframework.boot.test.SpringApplicationContextLoader', parent = [null]]]].
12:41:06.202 [Test worker] DEBUG o.s.core.env.StandardEnvironment - Adding [systemProperties] PropertySource with lowest search precedence
12:41:06.203 [Test worker] DEBUG o.s.core.env.StandardEnvironment - Adding [systemEnvironment] PropertySource with lowest search precedence
12:41:06.203 [Test worker] DEBUG o.s.core.env.StandardEnvironment - Initialized StandardEnvironment with PropertySources [systemProperties,systemEnvironment]
12:41:06.204 [Test worker] DEBUG o.s.core.env.StandardEnvironment - Adding [integrationTest] PropertySource with search precedence immediately lower than [systemEnvironment]

  .   ____          _            __ _ _
 /\\ / ___'_ __ _ _(_)_ __  __ _ \ \ \ \
( ( )\___ | '_ | '_| | '_ \/ _` | \ \ \ \
 \\/  ___)| |_)| | | | | || (_| |  ) ) ) )
  '  |____| .__|_| |_|_| |_\__, | / / / /
 =========|_|==============|___/=/_/_/_/
 :: Spring Boot ::        (v1.3.3.RELEASE)

2016-03-08 12:41:06.386  INFO 11508 --- [    Test worker] c.m.t.TestProjectApplicationTests        : Starting TestProjectApplicationTests on DEB-LT015 with PID 11508 (C:\Projects\Eclipse\TestProject\build\classes\test started by Sandor_Miko in C:\Projects\Eclipse\TestProject)
2016-03-08 12:41:06.387  INFO 11508 --- [    Test worker] c.m.t.TestProjectApplicationTests        : No active profile set, falling back to default profiles: default
2016-03-08 12:41:06.413  INFO 11508 --- [    Test worker] s.c.a.AnnotationConfigApplicationContext : Refreshing org.springframework.context.annotation.AnnotationConfigApplicationContext@1f9af476: startup date [Tue Mar 08 12:41:06 CET 2016]; root of context hierarchy
2016-03-08 12:41:07.223  INFO 11508 --- [    Test worker] c.m.t.TestProjectApplicationTests        : Started TestProjectApplicationTests in 1.018 seconds (JVM running for 1.707)
]]></system-out>
  <system-err><![CDATA[]]></system-err>
</testsuite>
